Using pre-set license
Built from '2020.3/staging' branch; Version is '2020.3.14f1 (d0d1bb862f9d) revision 13685179'; Using compiler version '192528614'; Build Type 'Release'
OS: 'Windows 10 Home Single Language; OS build 19043.1110; Version 2009; 64bit' Language: 'en' Physical Memory: 8031 MB
BatchMode: 1, IsHumanControllingUs: 0, StartBugReporterOnCrash: 0, Is64bit: 1, IsPro: 0

 COMMAND LINE ARGUMENTS:
D:\Program Files\2020.3.14f1\Editor\Unity.exe
-adb2
-batchMode
-noUpm
-name
AssetImportWorker0
-projectPath
D:/Projects/unity projects/rubys-adventure/Ruby's Adventure
-logFile
Logs/AssetImportWorker0.log
-srvPort
64254
Successfully changed project path to: D:/Projects/unity projects/rubys-adventure/Ruby's Adventure
D:/Projects/unity projects/rubys-adventure/Ruby's Adventure
Using Asset Import Pipeline V2.
Refreshing native plugins compatible for Editor in 58.77 ms, found 3 plugins.
Preloading 0 native plugins for Editor in 0.00 ms.
Initialize engine version: 2020.3.14f1 (d0d1bb862f9d)
[Subsystems] Discovering subsystems at path D:/Program Files/2020.3.14f1/Editor/Data/Resources/UnitySubsystems
[Subsystems] Discovering subsystems at path D:/Projects/unity projects/rubys-adventure/Ruby's Adventure/Assets
GfxDevice: creating device client; threaded=0
Direct3D:
    Version:  Direct3D 11.0 [level 11.1]
    Renderer: Intel(R) UHD Graphics 620 (ID=0x5917)
    Vendor:   
    VRAM:     4015 MB
    Driver:   26.20.100.7463
Initialize mono
Mono path[0] = 'D:/Program Files/2020.3.14f1/Editor/Data/Managed'
Mono path[1] = 'D:/Program Files/2020.3.14f1/Editor/Data/MonoBleedingEdge/lib/mono/unityjit'
Mono config path = 'D:/Program Files/2020.3.14f1/Editor/Data/MonoBleedingEdge/etc'
Using monoOptions --debugger-agent=transport=dt_socket,embedding=1,server=y,suspend=n,address=127.0.0.1:56508
Begin MonoManager ReloadAssembly
Registering precompiled unity dll's ...
Register platform support module: D:/Program Files/2020.3.14f1/Editor/Data/PlaybackEngines/WebGLSupport/UnityEditor.WebGL.Extensions.dll
Register platform support module: D:/Program Files/2020.3.14f1/Editor/Data/PlaybackEngines/WindowsStandaloneSupport/UnityEditor.WindowsStandalone.Extensions.dll
Registered in 0.002201 seconds.
Native extension for WindowsStandalone target not found
Native extension for WebGL target not found
Refreshing native plugins compatible for Editor in 73.20 ms, found 3 plugins.
Preloading 0 native plugins for Editor in 0.00 ms.
Mono: successfully reloaded assembly
- Completed reload, in  1.883 seconds
Domain Reload Profiling:
	ReloadAssembly (1883ms)
		BeginReloadAssembly (81ms)
			ExecutionOrderSort (0ms)
			DisableScriptedObjects (0ms)
			BackupInstance (0ms)
			ReleaseScriptingObjects (0ms)
			CreateAndSetChildDomain (1ms)
		EndReloadAssembly (840ms)
			LoadAssemblies (80ms)
			RebuildTransferFunctionScriptingTraits (0ms)
			SetupTypeCache (393ms)
			ReleaseScriptCaches (0ms)
			RebuildScriptCaches (56ms)
			SetupLoadedEditorAssemblies (255ms)
				LogAssemblyErrors (0ms)
				InitializePlatformSupportModulesInManaged (5ms)
				SetLoadedEditorAssemblies (0ms)
				RefreshPlugins (73ms)
				BeforeProcessingInitializeOnLoad (20ms)
				ProcessInitializeOnLoadAttributes (112ms)
				ProcessInitializeOnLoadMethodAttributes (44ms)
				AfterProcessingInitializeOnLoad (0ms)
				EditorAssembliesLoaded (0ms)
			ExecutionOrderSort2 (0ms)
			AwakeInstancesAfterBackupRestoration (0ms)
Platform modules already initialized, skipping
Registering precompiled user dll's ...
Registered in 0.005620 seconds.
Begin MonoManager ReloadAssembly
Native extension for WindowsStandalone target not found
Native extension for WebGL target not found
Refreshing native plugins compatible for Editor in 55.83 ms, found 3 plugins.
Preloading 0 native plugins for Editor in 0.00 ms.
Mono: successfully reloaded assembly
- Completed reload, in  2.178 seconds
Domain Reload Profiling:
	ReloadAssembly (2180ms)
		BeginReloadAssembly (231ms)
			ExecutionOrderSort (0ms)
			DisableScriptedObjects (5ms)
			BackupInstance (0ms)
			ReleaseScriptingObjects (0ms)
			CreateAndSetChildDomain (28ms)
		EndReloadAssembly (1865ms)
			LoadAssemblies (157ms)
			RebuildTransferFunctionScriptingTraits (0ms)
			SetupTypeCache (845ms)
			ReleaseScriptCaches (1ms)
			RebuildScriptCaches (82ms)
			SetupLoadedEditorAssemblies (606ms)
				LogAssemblyErrors (0ms)
				InitializePlatformSupportModulesInManaged (4ms)
				SetLoadedEditorAssemblies (1ms)
				RefreshPlugins (56ms)
				BeforeProcessingInitializeOnLoad (103ms)
				ProcessInitializeOnLoadAttributes (418ms)
				ProcessInitializeOnLoadMethodAttributes (21ms)
				AfterProcessingInitializeOnLoad (3ms)
				EditorAssembliesLoaded (0ms)
			ExecutionOrderSort2 (0ms)
			AwakeInstancesAfterBackupRestoration (9ms)
Platform modules already initialized, skipping
========================================================================
Worker process is ready to serve import requests
Launched and connected shader compiler UnityShaderCompiler.exe after 0.09 seconds
Refreshing native plugins compatible for Editor in 1.22 ms, found 3 plugins.
Preloading 0 native plugins for Editor in 0.00 ms.
Unloading 2236 Unused Serialized files (Serialized files now loaded: 0)
System memory in use before: 97.8 MB.
System memory in use after: 97.9 MB.

Unloading 29 unused Assets to reduce memory usage. Loaded Objects now: 2675.
Total: 8.815900 ms (FindLiveObjects: 2.455300 ms CreateObjectMapping: 0.389200 ms MarkObjects: 5.864500 ms  DeleteObjects: 0.104500 ms)

AssetImportParameters requested are different than current active one (requested -> active):
  custom:framework-win-MediaFoundation: 216162199b28c13a410421893ffa2e32 -> 
  custom:video-decoder-ogg-theora: a1e56fd34408186e4bbccfd4996cb3dc -> 
  custom:container-muxer-webm: aa71ff27fc2769a1b78a27578f13a17b -> 
  custom:container-demuxer-webm: 4f35f7cbe854078d1ac9338744f61a02 -> 
  custom:container-demuxer-ogg: 62fdf1f143b41e24485cea50d1cbac27 -> 
  custom:video-encoder-webm-vp8: eb34c28f22e8b96e1ab97ce403110664 -> 
  custom:video-decoder-webm-vp8: 9c59270c3fd7afecdb556c50c9e8de78 -> 
  custom:audio-decoder-ogg-vorbis: bf7c407c2cedff20999df2af8eb42d56 -> 
  custom:audio-encoder-webm-vorbis: bf7c407c2cedff20999df2af8eb42d56 -> 
========================================================================
Received Import Request.
  path: Assets/Scripts/DamageZone.cs
  artifactKey: Guid(936ee3f090f3d4c44ae7e8c769b33b9e) Importer(815301076,1909f56bfc062723c751e8b465ee728b)
Start importing Assets/Scripts/DamageZone.cs using Guid(936ee3f090f3d4c44ae7e8c769b33b9e) Importer(815301076,1909f56bfc062723c751e8b465ee728b)  -> (artifact id: 'ed5a01d4cbe886e965baf390df96092b') in 0.082395 seconds 
  Import took 0.117699 seconds .

========================================================================
Received Import Request.
  Time since last request: 283.562769 seconds.
  path: Assets/Art/Sprites/VFX/ParticleSpriteAtlas.png
  artifactKey: Guid(bb5bb2f184426a64cac53faa220820f5) Importer(815301076,1909f56bfc062723c751e8b465ee728b)
Start importing Assets/Art/Sprites/VFX/ParticleSpriteAtlas.png using Guid(bb5bb2f184426a64cac53faa220820f5) Importer(815301076,1909f56bfc062723c751e8b465ee728b)  -> (artifact id: 'ee7a2493b5d11b9475e511c5e6ec0c74') in 0.187995 seconds 
  Import took 0.193038 seconds .

========================================================================
Received Import Request.
  Time since last request: 112.948846 seconds.
  path: Assets/Art/Sprites/VFX/ParticleSpriteAtlas.png
  artifactKey: Guid(bb5bb2f184426a64cac53faa220820f5) Importer(815301076,1909f56bfc062723c751e8b465ee728b)
Start importing Assets/Art/Sprites/VFX/ParticleSpriteAtlas.png using Guid(bb5bb2f184426a64cac53faa220820f5) Importer(815301076,1909f56bfc062723c751e8b465ee728b)  -> (artifact id: 'cbd31413f11484a5e2be121437700928') in 0.151455 seconds 
  Import took 0.158191 seconds .

========================================================================
Received Import Request.
  Time since last request: 809.410959 seconds.
  path: Assets/Art/Sprites/UI/CharacterPortrait.png
  artifactKey: Guid(e15de6f8d935253448ee4e7709bd216c) Importer(815301076,1909f56bfc062723c751e8b465ee728b)
Start importing Assets/Art/Sprites/UI/CharacterPortrait.png using Guid(e15de6f8d935253448ee4e7709bd216c) Importer(815301076,1909f56bfc062723c751e8b465ee728b)  -> (artifact id: '8a1c13c3d03892439febbc27830c7bf0') in 0.114661 seconds 
  Import took 0.123897 seconds .

========================================================================
Received Import Request.
  Time since last request: 0.016529 seconds.
  path: Assets/Art/Sprites/UI/CharacterPortrait.png
  artifactKey: Guid(e15de6f8d935253448ee4e7709bd216c) Importer(815301076,1909f56bfc062723c751e8b465ee728b)
Start importing Assets/Art/Sprites/UI/CharacterPortrait.png using Guid(e15de6f8d935253448ee4e7709bd216c) Importer(815301076,1909f56bfc062723c751e8b465ee728b)  -> (artifact id: '8a1c13c3d03892439febbc27830c7bf0') in 0.072788 seconds 
  Import took 0.081285 seconds .

========================================================================
Received Import Request.
  Time since last request: 3.178461 seconds.
  path: Assets/Art/Sprites/UI/NPCPortrait.png
  artifactKey: Guid(aa3e0837878604144b973aa396ea7dbd) Importer(815301076,1909f56bfc062723c751e8b465ee728b)
Start importing Assets/Art/Sprites/UI/NPCPortrait.png using Guid(aa3e0837878604144b973aa396ea7dbd) Importer(815301076,1909f56bfc062723c751e8b465ee728b)  -> (artifact id: '860c36ef82da0980a3c23c5d326564d5') in 0.184818 seconds 
  Import took 0.196373 seconds .

========================================================================
Received Import Request.
  Time since last request: 0.005365 seconds.
  path: Assets/Art/Sprites/UI/NPCPortrait.png
  artifactKey: Guid(aa3e0837878604144b973aa396ea7dbd) Importer(815301076,1909f56bfc062723c751e8b465ee728b)
Start importing Assets/Art/Sprites/UI/NPCPortrait.png using Guid(aa3e0837878604144b973aa396ea7dbd) Importer(815301076,1909f56bfc062723c751e8b465ee728b)  -> (artifact id: '860c36ef82da0980a3c23c5d326564d5') in 0.037602 seconds 
  Import took 0.046062 seconds .

========================================================================
Received Import Request.
  Time since last request: 0.218138 seconds.
  path: Assets/Art/Sprites/UI/UIBulletIcon.png
  artifactKey: Guid(ca4761f4dd286db43a54d88ad0eb63ba) Importer(815301076,1909f56bfc062723c751e8b465ee728b)
Start importing Assets/Art/Sprites/UI/UIBulletIcon.png using Guid(ca4761f4dd286db43a54d88ad0eb63ba) Importer(815301076,1909f56bfc062723c751e8b465ee728b)  -> (artifact id: 'a351cf7712403f6f67788947b193aac9') in 0.070768 seconds 
  Import took 0.079159 seconds .

========================================================================
Received Import Request.
  Time since last request: 714.924920 seconds.
  path: Assets/Prefabs/SmokeEffect.prefab
  artifactKey: Guid(6fbf59dbf7b59ed47b89f5cb6b48835b) Importer(815301076,1909f56bfc062723c751e8b465ee728b)
Start importing Assets/Prefabs/SmokeEffect.prefab using Guid(6fbf59dbf7b59ed47b89f5cb6b48835b) Importer(815301076,1909f56bfc062723c751e8b465ee728b)  -> (artifact id: 'eb90330b47ed229bba770812ce61baf7') in 0.142872 seconds 
  Import took 0.149158 seconds .

========================================================================
Received Import Request.
  Time since last request: 103.092846 seconds.
  path: Assets/Prefabs/bot.prefab
  artifactKey: Guid(5fec810c1c2ab914b95ecfb4d37ed50d) Importer(815301076,1909f56bfc062723c751e8b465ee728b)
Start importing Assets/Prefabs/bot.prefab using Guid(5fec810c1c2ab914b95ecfb4d37ed50d) Importer(815301076,1909f56bfc062723c751e8b465ee728b)  -> (artifact id: '6682657fd025bfa93113fc1673f53456') in 0.051453 seconds 
  Import took 0.057064 seconds .

========================================================================
Received Import Request.
  Time since last request: 8.218210 seconds.
  path: Assets/Prefabs/bot.prefab
  artifactKey: Guid(5fec810c1c2ab914b95ecfb4d37ed50d) Importer(815301076,1909f56bfc062723c751e8b465ee728b)
Start importing Assets/Prefabs/bot.prefab using Guid(5fec810c1c2ab914b95ecfb4d37ed50d) Importer(815301076,1909f56bfc062723c751e8b465ee728b)  -> (artifact id: '9cd9c9d139205f31b5a3a3de575845b0') in 0.034251 seconds 
  Import took 0.040063 seconds .

========================================================================
Received Import Request.
  Time since last request: 2.602137 seconds.
  path: Assets/Prefabs/bot.prefab
  artifactKey: Guid(5fec810c1c2ab914b95ecfb4d37ed50d) Importer(815301076,1909f56bfc062723c751e8b465ee728b)
Start importing Assets/Prefabs/bot.prefab using Guid(5fec810c1c2ab914b95ecfb4d37ed50d) Importer(815301076,1909f56bfc062723c751e8b465ee728b)  -> (artifact id: '30202a6454e5ca89cfe8b29fb8dfd02a') in 0.032912 seconds 
  Import took 0.038558 seconds .

========================================================================
Received Import Request.
  Time since last request: 1.180835 seconds.
  path: Assets/Prefabs/bot.prefab
  artifactKey: Guid(5fec810c1c2ab914b95ecfb4d37ed50d) Importer(815301076,1909f56bfc062723c751e8b465ee728b)
Start importing Assets/Prefabs/bot.prefab using Guid(5fec810c1c2ab914b95ecfb4d37ed50d) Importer(815301076,1909f56bfc062723c751e8b465ee728b)  -> (artifact id: '843840487b1bd2aa4682c7d59fe3512f') in 0.028396 seconds 
  Import took 0.034329 seconds .

========================================================================
Received Import Request.
  Time since last request: 1.793010 seconds.
  path: Assets/Prefabs/bot.prefab
  artifactKey: Guid(5fec810c1c2ab914b95ecfb4d37ed50d) Importer(815301076,1909f56bfc062723c751e8b465ee728b)
Start importing Assets/Prefabs/bot.prefab using Guid(5fec810c1c2ab914b95ecfb4d37ed50d) Importer(815301076,1909f56bfc062723c751e8b465ee728b)  -> (artifact id: '01aa117cfd1f650bab19549ba78ad0c8') in 0.026888 seconds 
  Import took 0.033197 seconds .

========================================================================
Received Import Request.
  Time since last request: 14.004806 seconds.
  path: Assets/Prefabs/bot.prefab
  artifactKey: Guid(5fec810c1c2ab914b95ecfb4d37ed50d) Importer(815301076,1909f56bfc062723c751e8b465ee728b)
Start importing Assets/Prefabs/bot.prefab using Guid(5fec810c1c2ab914b95ecfb4d37ed50d) Importer(815301076,1909f56bfc062723c751e8b465ee728b)  -> (artifact id: '7e0ec9d9af31fc377b09c85b4cd3ae8e') in 0.032662 seconds 
  Import took 0.039920 seconds .

========================================================================
Received Import Request.
  Time since last request: 2.572218 seconds.
  path: Assets/Prefabs/bot.prefab
  artifactKey: Guid(5fec810c1c2ab914b95ecfb4d37ed50d) Importer(815301076,1909f56bfc062723c751e8b465ee728b)
Start importing Assets/Prefabs/bot.prefab using Guid(5fec810c1c2ab914b95ecfb4d37ed50d) Importer(815301076,1909f56bfc062723c751e8b465ee728b)  -> (artifact id: '8824838e69465818616041621cf47c5a') in 0.027928 seconds 
  Import took 0.035359 seconds .

========================================================================
Received Prepare
Registering precompiled user dll's ...
Registered in 0.007660 seconds.
Begin MonoManager ReloadAssembly
Native extension for WindowsStandalone target not found
Native extension for WebGL target not found
Refreshing native plugins compatible for Editor in 0.59 ms, found 3 plugins.
Preloading 0 native plugins for Editor in 0.00 ms.
Mono: successfully reloaded assembly
- Completed reload, in  1.777 seconds
Domain Reload Profiling:
	ReloadAssembly (1778ms)
		BeginReloadAssembly (251ms)
			ExecutionOrderSort (0ms)
			DisableScriptedObjects (12ms)
			BackupInstance (0ms)
			ReleaseScriptingObjects (0ms)
			CreateAndSetChildDomain (74ms)
		EndReloadAssembly (1404ms)
			LoadAssemblies (224ms)
			RebuildTransferFunctionScriptingTraits (0ms)
			SetupTypeCache (581ms)
			ReleaseScriptCaches (1ms)
			RebuildScriptCaches (68ms)
			SetupLoadedEditorAssemblies (436ms)
				LogAssemblyErrors (0ms)
				InitializePlatformSupportModulesInManaged (10ms)
				SetLoadedEditorAssemblies (1ms)
				RefreshPlugins (1ms)
				BeforeProcessingInitializeOnLoad (111ms)
				ProcessInitializeOnLoadAttributes (301ms)
				ProcessInitializeOnLoadMethodAttributes (8ms)
				AfterProcessingInitializeOnLoad (4ms)
				EditorAssembliesLoaded (0ms)
			ExecutionOrderSort2 (0ms)
			AwakeInstancesAfterBackupRestoration (21ms)
Platform modules already initialized, skipping
Refreshing native plugins compatible for Editor in 0.57 ms, found 3 plugins.
Preloading 0 native plugins for Editor in 0.00 ms.
Unloading 2224 Unused Serialized files (Serialized files now loaded: 0)
System memory in use before: 100.5 MB.
System memory in use after: 100.7 MB.

Unloading 19 unused Assets to reduce memory usage. Loaded Objects now: 2690.
Total: 8.745100 ms (FindLiveObjects: 0.878400 ms CreateObjectMapping: 0.355000 ms MarkObjects: 7.439300 ms  DeleteObjects: 0.064700 ms)

AssetImportParameters requested are different than current active one (requested -> active):
  custom:framework-win-MediaFoundation: 216162199b28c13a410421893ffa2e32 -> 
  custom:video-decoder-ogg-theora: a1e56fd34408186e4bbccfd4996cb3dc -> 
  custom:container-muxer-webm: aa71ff27fc2769a1b78a27578f13a17b -> 
  custom:container-demuxer-webm: 4f35f7cbe854078d1ac9338744f61a02 -> 
  custom:container-demuxer-ogg: 62fdf1f143b41e24485cea50d1cbac27 -> 
  custom:video-encoder-webm-vp8: eb34c28f22e8b96e1ab97ce403110664 -> 
  custom:video-decoder-webm-vp8: 9c59270c3fd7afecdb556c50c9e8de78 -> 
  custom:audio-decoder-ogg-vorbis: bf7c407c2cedff20999df2af8eb42d56 -> 
  custom:audio-encoder-webm-vorbis: bf7c407c2cedff20999df2af8eb42d56 -> 
========================================================================
Received Import Request.
  Time since last request: 90.399580 seconds.
  path: Assets/Prefabs/bot.prefab
  artifactKey: Guid(5fec810c1c2ab914b95ecfb4d37ed50d) Importer(815301076,1909f56bfc062723c751e8b465ee728b)
Start importing Assets/Prefabs/bot.prefab using Guid(5fec810c1c2ab914b95ecfb4d37ed50d) Importer(815301076,1909f56bfc062723c751e8b465ee728b)  -> (artifact id: '23eef4aba554a21a04c52e62a663ec50') in 0.098929 seconds 
  Import took 0.106820 seconds .

========================================================================
Received Prepare
Registering precompiled user dll's ...
Registered in 0.005258 seconds.
Begin MonoManager ReloadAssembly
Native extension for WindowsStandalone target not found
Native extension for WebGL target not found
Refreshing native plugins compatible for Editor in 0.47 ms, found 3 plugins.
Preloading 0 native plugins for Editor in 0.00 ms.
Mono: successfully reloaded assembly
- Completed reload, in  1.274 seconds
Domain Reload Profiling:
	ReloadAssembly (1275ms)
		BeginReloadAssembly (151ms)
			ExecutionOrderSort (0ms)
			DisableScriptedObjects (7ms)
			BackupInstance (0ms)
			ReleaseScriptingObjects (0ms)
			CreateAndSetChildDomain (39ms)
		EndReloadAssembly (1058ms)
			LoadAssemblies (131ms)
			RebuildTransferFunctionScriptingTraits (0ms)
			SetupTypeCache (352ms)
			ReleaseScriptCaches (1ms)
			RebuildScriptCaches (53ms)
			SetupLoadedEditorAssemblies (400ms)
				LogAssemblyErrors (0ms)
				InitializePlatformSupportModulesInManaged (7ms)
				SetLoadedEditorAssemblies (1ms)
				RefreshPlugins (1ms)
				BeforeProcessingInitializeOnLoad (100ms)
				ProcessInitializeOnLoadAttributes (281ms)
				ProcessInitializeOnLoadMethodAttributes (6ms)
				AfterProcessingInitializeOnLoad (6ms)
				EditorAssembliesLoaded (0ms)
			ExecutionOrderSort2 (0ms)
			AwakeInstancesAfterBackupRestoration (16ms)
Platform modules already initialized, skipping
Refreshing native plugins compatible for Editor in 1.01 ms, found 3 plugins.
Preloading 0 native plugins for Editor in 0.00 ms.
Unloading 2224 Unused Serialized files (Serialized files now loaded: 0)
System memory in use before: 100.6 MB.
System memory in use after: 100.7 MB.

Unloading 19 unused Assets to reduce memory usage. Loaded Objects now: 2694.
Total: 3.715700 ms (FindLiveObjects: 0.237200 ms CreateObjectMapping: 0.172100 ms MarkObjects: 3.233100 ms  DeleteObjects: 0.071900 ms)

AssetImportParameters requested are different than current active one (requested -> active):
  custom:framework-win-MediaFoundation: 216162199b28c13a410421893ffa2e32 -> 
  custom:video-decoder-ogg-theora: a1e56fd34408186e4bbccfd4996cb3dc -> 
  custom:container-muxer-webm: aa71ff27fc2769a1b78a27578f13a17b -> 
  custom:container-demuxer-webm: 4f35f7cbe854078d1ac9338744f61a02 -> 
  custom:container-demuxer-ogg: 62fdf1f143b41e24485cea50d1cbac27 -> 
  custom:video-encoder-webm-vp8: eb34c28f22e8b96e1ab97ce403110664 -> 
  custom:video-decoder-webm-vp8: 9c59270c3fd7afecdb556c50c9e8de78 -> 
  custom:audio-decoder-ogg-vorbis: bf7c407c2cedff20999df2af8eb42d56 -> 
  custom:audio-encoder-webm-vorbis: bf7c407c2cedff20999df2af8eb42d56 -> 
========================================================================
Received Import Request.
  Time since last request: 157.930698 seconds.
  path: Assets/Prefabs/SmokeEffect.prefab
  artifactKey: Guid(6fbf59dbf7b59ed47b89f5cb6b48835b) Importer(815301076,1909f56bfc062723c751e8b465ee728b)
Start importing Assets/Prefabs/SmokeEffect.prefab using Guid(6fbf59dbf7b59ed47b89f5cb6b48835b) Importer(815301076,1909f56bfc062723c751e8b465ee728b)  -> (artifact id: 'e39afa7d29fdd3cdeae52dbd97d5de07') in 0.119800 seconds 
  Import took 0.130905 seconds .

========================================================================
Received Import Request.
  Time since last request: 0.009286 seconds.
  path: Assets/Prefabs/bot.prefab
  artifactKey: Guid(5fec810c1c2ab914b95ecfb4d37ed50d) Importer(815301076,1909f56bfc062723c751e8b465ee728b)
Start importing Assets/Prefabs/bot.prefab using Guid(5fec810c1c2ab914b95ecfb4d37ed50d) Importer(815301076,1909f56bfc062723c751e8b465ee728b)  -> (artifact id: 'a2a03ee7334dac049e729e4a8c2a2b95') in 0.046398 seconds 
  Import took 0.054504 seconds .

========================================================================
Received Prepare
Registering precompiled user dll's ...
Registered in 0.004189 seconds.
Begin MonoManager ReloadAssembly
Native extension for WindowsStandalone target not found
Native extension for WebGL target not found
Refreshing native plugins compatible for Editor in 0.51 ms, found 3 plugins.
Preloading 0 native plugins for Editor in 0.00 ms.
Mono: successfully reloaded assembly
- Completed reload, in  1.896 seconds
Domain Reload Profiling:
	ReloadAssembly (1896ms)
		BeginReloadAssembly (272ms)
			ExecutionOrderSort (0ms)
			DisableScriptedObjects (10ms)
			BackupInstance (0ms)
			ReleaseScriptingObjects (0ms)
			CreateAndSetChildDomain (58ms)
		EndReloadAssembly (1529ms)
			LoadAssemblies (270ms)
			RebuildTransferFunctionScriptingTraits (0ms)
			SetupTypeCache (744ms)
			ReleaseScriptCaches (1ms)
			RebuildScriptCaches (59ms)
			SetupLoadedEditorAssemblies (439ms)
				LogAssemblyErrors (0ms)
				InitializePlatformSupportModulesInManaged (8ms)
				SetLoadedEditorAssemblies (1ms)
				RefreshPlugins (1ms)
				BeforeProcessingInitializeOnLoad (95ms)
				ProcessInitializeOnLoadAttributes (325ms)
				ProcessInitializeOnLoadMethodAttributes (5ms)
				AfterProcessingInitializeOnLoad (4ms)
				EditorAssembliesLoaded (0ms)
			ExecutionOrderSort2 (0ms)
			AwakeInstancesAfterBackupRestoration (12ms)
Platform modules already initialized, skipping
Refreshing native plugins compatible for Editor in 0.50 ms, found 3 plugins.
Preloading 0 native plugins for Editor in 0.00 ms.
Unloading 2224 Unused Serialized files (Serialized files now loaded: 0)
System memory in use before: 100.6 MB.
System memory in use after: 100.7 MB.

Unloading 19 unused Assets to reduce memory usage. Loaded Objects now: 2698.
Total: 2.958900 ms (FindLiveObjects: 0.212000 ms CreateObjectMapping: 0.074000 ms MarkObjects: 2.598700 ms  DeleteObjects: 0.072900 ms)

AssetImportParameters requested are different than current active one (requested -> active):
  custom:framework-win-MediaFoundation: 216162199b28c13a410421893ffa2e32 -> 
  custom:video-decoder-ogg-theora: a1e56fd34408186e4bbccfd4996cb3dc -> 
  custom:container-muxer-webm: aa71ff27fc2769a1b78a27578f13a17b -> 
  custom:container-demuxer-webm: 4f35f7cbe854078d1ac9338744f61a02 -> 
  custom:container-demuxer-ogg: 62fdf1f143b41e24485cea50d1cbac27 -> 
  custom:video-encoder-webm-vp8: eb34c28f22e8b96e1ab97ce403110664 -> 
  custom:video-decoder-webm-vp8: 9c59270c3fd7afecdb556c50c9e8de78 -> 
  custom:audio-decoder-ogg-vorbis: bf7c407c2cedff20999df2af8eb42d56 -> 
  custom:audio-encoder-webm-vorbis: bf7c407c2cedff20999df2af8eb42d56 -> 
========================================================================
Received Import Request.
  Time since last request: 136.778176 seconds.
  path: Assets/Prefabs/bot.prefab
  artifactKey: Guid(5fec810c1c2ab914b95ecfb4d37ed50d) Importer(815301076,1909f56bfc062723c751e8b465ee728b)
Start importing Assets/Prefabs/bot.prefab using Guid(5fec810c1c2ab914b95ecfb4d37ed50d) Importer(815301076,1909f56bfc062723c751e8b465ee728b)  -> (artifact id: 'd155b3ce44ec79f93454681c86b258c6') in 0.080182 seconds 
  Import took 0.084406 seconds .

========================================================================
Received Import Request.
  Time since last request: 7.558875 seconds.
  path: Assets/Prefabs/bot.prefab
  artifactKey: Guid(5fec810c1c2ab914b95ecfb4d37ed50d) Importer(815301076,1909f56bfc062723c751e8b465ee728b)
Start importing Assets/Prefabs/bot.prefab using Guid(5fec810c1c2ab914b95ecfb4d37ed50d) Importer(815301076,1909f56bfc062723c751e8b465ee728b)  -> (artifact id: 'a7d9c1bba79c88cb6dcd244bc0635c81') in 0.047223 seconds 
  Import took 0.054809 seconds .

========================================================================
Received Prepare
Registering precompiled user dll's ...
Registered in 0.005758 seconds.
Begin MonoManager ReloadAssembly
Native extension for WindowsStandalone target not found
Native extension for WebGL target not found
Refreshing native plugins compatible for Editor in 0.47 ms, found 3 plugins.
Preloading 0 native plugins for Editor in 0.00 ms.
Mono: successfully reloaded assembly
- Completed reload, in  1.547 seconds
Domain Reload Profiling:
	ReloadAssembly (1547ms)
		BeginReloadAssembly (156ms)
			ExecutionOrderSort (0ms)
			DisableScriptedObjects (9ms)
			BackupInstance (0ms)
			ReleaseScriptingObjects (0ms)
			CreateAndSetChildDomain (40ms)
		EndReloadAssembly (1305ms)
			LoadAssemblies (146ms)
			RebuildTransferFunctionScriptingTraits (0ms)
			SetupTypeCache (630ms)
			ReleaseScriptCaches (2ms)
			RebuildScriptCaches (73ms)
			SetupLoadedEditorAssemblies (361ms)
				LogAssemblyErrors (0ms)
				InitializePlatformSupportModulesInManaged (6ms)
				SetLoadedEditorAssemblies (0ms)
				RefreshPlugins (1ms)
				BeforeProcessingInitializeOnLoad (86ms)
				ProcessInitializeOnLoadAttributes (260ms)
				ProcessInitializeOnLoadMethodAttributes (5ms)
				AfterProcessingInitializeOnLoad (2ms)
				EditorAssembliesLoaded (0ms)
			ExecutionOrderSort2 (0ms)
			AwakeInstancesAfterBackupRestoration (12ms)
Platform modules already initialized, skipping
Refreshing native plugins compatible for Editor in 0.50 ms, found 3 plugins.
Preloading 0 native plugins for Editor in 0.00 ms.
Unloading 2224 Unused Serialized files (Serialized files now loaded: 0)
System memory in use before: 100.7 MB.
System memory in use after: 100.8 MB.

Unloading 19 unused Assets to reduce memory usage. Loaded Objects now: 2702.
Total: 2.697400 ms (FindLiveObjects: 0.208600 ms CreateObjectMapping: 0.076100 ms MarkObjects: 2.361300 ms  DeleteObjects: 0.050300 ms)

AssetImportParameters requested are different than current active one (requested -> active):
  custom:framework-win-MediaFoundation: 216162199b28c13a410421893ffa2e32 -> 
  custom:video-decoder-ogg-theora: a1e56fd34408186e4bbccfd4996cb3dc -> 
  custom:container-muxer-webm: aa71ff27fc2769a1b78a27578f13a17b -> 
  custom:container-demuxer-webm: 4f35f7cbe854078d1ac9338744f61a02 -> 
  custom:container-demuxer-ogg: 62fdf1f143b41e24485cea50d1cbac27 -> 
  custom:video-encoder-webm-vp8: eb34c28f22e8b96e1ab97ce403110664 -> 
  custom:video-decoder-webm-vp8: 9c59270c3fd7afecdb556c50c9e8de78 -> 
  custom:audio-decoder-ogg-vorbis: bf7c407c2cedff20999df2af8eb42d56 -> 
  custom:audio-encoder-webm-vorbis: bf7c407c2cedff20999df2af8eb42d56 -> 
========================================================================
Received Prepare
Registering precompiled user dll's ...
Registered in 0.004329 seconds.
Begin MonoManager ReloadAssembly
Native extension for WindowsStandalone target not found
Native extension for WebGL target not found
Refreshing native plugins compatible for Editor in 0.64 ms, found 3 plugins.
Preloading 0 native plugins for Editor in 0.00 ms.
Mono: successfully reloaded assembly
- Completed reload, in  1.187 seconds
Domain Reload Profiling:
	ReloadAssembly (1188ms)
		BeginReloadAssembly (141ms)
			ExecutionOrderSort (0ms)
			DisableScriptedObjects (6ms)
			BackupInstance (0ms)
			ReleaseScriptingObjects (0ms)
			CreateAndSetChildDomain (33ms)
		EndReloadAssembly (968ms)
			LoadAssemblies (136ms)
			RebuildTransferFunctionScriptingTraits (0ms)
			SetupTypeCache (346ms)
			ReleaseScriptCaches (1ms)
			RebuildScriptCaches (54ms)
			SetupLoadedEditorAssemblies (337ms)
				LogAssemblyErrors (0ms)
				InitializePlatformSupportModulesInManaged (6ms)
				SetLoadedEditorAssemblies (1ms)
				RefreshPlugins (1ms)
				BeforeProcessingInitializeOnLoad (88ms)
				ProcessInitializeOnLoadAttributes (230ms)
				ProcessInitializeOnLoadMethodAttributes (6ms)
				AfterProcessingInitializeOnLoad (3ms)
				EditorAssembliesLoaded (1ms)
			ExecutionOrderSort2 (0ms)
			AwakeInstancesAfterBackupRestoration (12ms)
Platform modules already initialized, skipping
Refreshing native plugins compatible for Editor in 0.48 ms, found 3 plugins.
Preloading 0 native plugins for Editor in 0.00 ms.
Unloading 2224 Unused Serialized files (Serialized files now loaded: 0)
System memory in use before: 100.6 MB.
System memory in use after: 100.8 MB.

Unloading 17 unused Assets to reduce memory usage. Loaded Objects now: 2705.
Total: 2.182400 ms (FindLiveObjects: 0.215200 ms CreateObjectMapping: 0.085300 ms MarkObjects: 1.861900 ms  DeleteObjects: 0.018900 ms)

AssetImportParameters requested are different than current active one (requested -> active):
  custom:framework-win-MediaFoundation: 216162199b28c13a410421893ffa2e32 -> 
  custom:video-decoder-ogg-theora: a1e56fd34408186e4bbccfd4996cb3dc -> 
  custom:container-muxer-webm: aa71ff27fc2769a1b78a27578f13a17b -> 
  custom:container-demuxer-webm: 4f35f7cbe854078d1ac9338744f61a02 -> 
  custom:container-demuxer-ogg: 62fdf1f143b41e24485cea50d1cbac27 -> 
  custom:video-encoder-webm-vp8: eb34c28f22e8b96e1ab97ce403110664 -> 
  custom:video-decoder-webm-vp8: 9c59270c3fd7afecdb556c50c9e8de78 -> 
  custom:audio-decoder-ogg-vorbis: bf7c407c2cedff20999df2af8eb42d56 -> 
  custom:audio-encoder-webm-vorbis: bf7c407c2cedff20999df2af8eb42d56 -> 
========================================================================
Received Prepare
Registering precompiled user dll's ...
Registered in 0.004253 seconds.
Begin MonoManager ReloadAssembly
Native extension for WindowsStandalone target not found
Native extension for WebGL target not found
Refreshing native plugins compatible for Editor in 0.53 ms, found 3 plugins.
Preloading 0 native plugins for Editor in 0.00 ms.
Mono: successfully reloaded assembly
- Completed reload, in  1.416 seconds
Domain Reload Profiling:
	ReloadAssembly (1416ms)
		BeginReloadAssembly (179ms)
			ExecutionOrderSort (0ms)
			DisableScriptedObjects (10ms)
			BackupInstance (0ms)
			ReleaseScriptingObjects (0ms)
			CreateAndSetChildDomain (41ms)
		EndReloadAssembly (1151ms)
			LoadAssemblies (290ms)
			RebuildTransferFunctionScriptingTraits (0ms)
			SetupTypeCache (325ms)
			ReleaseScriptCaches (1ms)
			RebuildScriptCaches (53ms)
			SetupLoadedEditorAssemblies (388ms)
				LogAssemblyErrors (0ms)
				InitializePlatformSupportModulesInManaged (8ms)
				SetLoadedEditorAssemblies (0ms)
				RefreshPlugins (1ms)
				BeforeProcessingInitializeOnLoad (96ms)
				ProcessInitializeOnLoadAttributes (274ms)
				ProcessInitializeOnLoadMethodAttributes (6ms)
				AfterProcessingInitializeOnLoad (3ms)
				EditorAssembliesLoaded (0ms)
			ExecutionOrderSort2 (0ms)
			AwakeInstancesAfterBackupRestoration (13ms)
Platform modules already initialized, skipping
Refreshing native plugins compatible for Editor in 0.51 ms, found 3 plugins.
Preloading 0 native plugins for Editor in 0.00 ms.
Unloading 2224 Unused Serialized files (Serialized files now loaded: 0)
System memory in use before: 100.7 MB.
System memory in use after: 100.9 MB.

Unloading 17 unused Assets to reduce memory usage. Loaded Objects now: 2708.
Total: 2.924500 ms (FindLiveObjects: 0.225700 ms CreateObjectMapping: 0.073200 ms MarkObjects: 2.603400 ms  DeleteObjects: 0.021300 ms)

AssetImportParameters requested are different than current active one (requested -> active):
  custom:framework-win-MediaFoundation: 216162199b28c13a410421893ffa2e32 -> 
  custom:video-decoder-ogg-theora: a1e56fd34408186e4bbccfd4996cb3dc -> 
  custom:container-muxer-webm: aa71ff27fc2769a1b78a27578f13a17b -> 
  custom:container-demuxer-webm: 4f35f7cbe854078d1ac9338744f61a02 -> 
  custom:container-demuxer-ogg: 62fdf1f143b41e24485cea50d1cbac27 -> 
  custom:video-encoder-webm-vp8: eb34c28f22e8b96e1ab97ce403110664 -> 
  custom:video-decoder-webm-vp8: 9c59270c3fd7afecdb556c50c9e8de78 -> 
  custom:audio-decoder-ogg-vorbis: bf7c407c2cedff20999df2af8eb42d56 -> 
  custom:audio-encoder-webm-vorbis: bf7c407c2cedff20999df2af8eb42d56 -> 
========================================================================
Received Import Request.
  Time since last request: 833.872899 seconds.
  path: Assets/Art/Animations/particle.anim
  artifactKey: Guid(efa34444eef4f89469b0361787dbceec) Importer(815301076,1909f56bfc062723c751e8b465ee728b)
Start importing Assets/Art/Animations/particle.anim using Guid(efa34444eef4f89469b0361787dbceec) Importer(815301076,1909f56bfc062723c751e8b465ee728b)  -> (artifact id: 'ff18f5de68256f2085622daa248ce24e') in 0.028991 seconds 
  Import took 0.033618 seconds .

========================================================================
Received Import Request.
  Time since last request: 0.184505 seconds.
  path: Assets/Art/Animations/particle.anim
  artifactKey: Guid(efa34444eef4f89469b0361787dbceec) Importer(815301076,1909f56bfc062723c751e8b465ee728b)
Start importing Assets/Art/Animations/particle.anim using Guid(efa34444eef4f89469b0361787dbceec) Importer(815301076,1909f56bfc062723c751e8b465ee728b)  -> (artifact id: 'ff18f5de68256f2085622daa248ce24e') in 0.011144 seconds 
  Import took 0.016649 seconds .

========================================================================
Received Import Request.
  Time since last request: 758.381728 seconds.
  path: Assets/Prefabs/HealthEffect.prefab
  artifactKey: Guid(bb44ecaedbf1b004e9049b68e915f65d) Importer(815301076,1909f56bfc062723c751e8b465ee728b)
Start importing Assets/Prefabs/HealthEffect.prefab using Guid(bb44ecaedbf1b004e9049b68e915f65d) Importer(815301076,1909f56bfc062723c751e8b465ee728b)  -> (artifact id: '193d87b209dcaa5b00dd8981e305e9be') in 0.111237 seconds 
  Import took 0.120417 seconds .

========================================================================
Received Import Request.
  Time since last request: 275.556538 seconds.
  path: Assets/Prefabs/CollectibleHealth.prefab
  artifactKey: Guid(7861a069fecf06e4499823e70db6640c) Importer(815301076,1909f56bfc062723c751e8b465ee728b)
Start importing Assets/Prefabs/CollectibleHealth.prefab using Guid(7861a069fecf06e4499823e70db6640c) Importer(815301076,1909f56bfc062723c751e8b465ee728b)  -> (artifact id: '6d96c093c636b95e5f12cac34f2ff83a') in 0.069495 seconds 
  Import took 0.077628 seconds .

========================================================================
Received Import Request.
  Time since last request: 9.899985 seconds.
  path: Assets/Prefabs/CollectibleHealth.prefab
  artifactKey: Guid(7861a069fecf06e4499823e70db6640c) Importer(815301076,1909f56bfc062723c751e8b465ee728b)
Start importing Assets/Prefabs/CollectibleHealth.prefab using Guid(7861a069fecf06e4499823e70db6640c) Importer(815301076,1909f56bfc062723c751e8b465ee728b)  -> (artifact id: 'ec4cabce3cf079acae685cec221282e4') in 0.037778 seconds 
  Import took 0.043040 seconds .

========================================================================
Received Import Request.
  Time since last request: 7.983684 seconds.
  path: Assets/Prefabs/CollectibleHealth.prefab
  artifactKey: Guid(7861a069fecf06e4499823e70db6640c) Importer(815301076,1909f56bfc062723c751e8b465ee728b)
Start importing Assets/Prefabs/CollectibleHealth.prefab using Guid(7861a069fecf06e4499823e70db6640c) Importer(815301076,1909f56bfc062723c751e8b465ee728b)  -> (artifact id: '8f278d805307477ed5b456f40b7ad66b') in 0.046882 seconds 
  Import took 0.055753 seconds .

========================================================================
Received Import Request.
  Time since last request: 20.386432 seconds.
  path: Assets/Prefabs/CollectibleHealth.prefab
  artifactKey: Guid(7861a069fecf06e4499823e70db6640c) Importer(815301076,1909f56bfc062723c751e8b465ee728b)
Start importing Assets/Prefabs/CollectibleHealth.prefab using Guid(7861a069fecf06e4499823e70db6640c) Importer(815301076,1909f56bfc062723c751e8b465ee728b)  -> (artifact id: '5cb4232de012898942b184c1f7ea06e7') in 0.049577 seconds 
  Import took 0.056838 seconds .

========================================================================
Received Import Request.
  Time since last request: 1.708823 seconds.
  path: Assets/Prefabs/CollectibleHealth.prefab
  artifactKey: Guid(7861a069fecf06e4499823e70db6640c) Importer(815301076,1909f56bfc062723c751e8b465ee728b)
Start importing Assets/Prefabs/CollectibleHealth.prefab using Guid(7861a069fecf06e4499823e70db6640c) Importer(815301076,1909f56bfc062723c751e8b465ee728b)  -> (artifact id: 'd282da8ee85e1d943d81a811f42e7aed') in 0.041069 seconds 
  Import took 0.051310 seconds .

========================================================================
Received Import Request.
  Time since last request: 16.482041 seconds.
  path: Assets/Prefabs/CollectibleHealth.prefab
  artifactKey: Guid(7861a069fecf06e4499823e70db6640c) Importer(815301076,1909f56bfc062723c751e8b465ee728b)
Start importing Assets/Prefabs/CollectibleHealth.prefab using Guid(7861a069fecf06e4499823e70db6640c) Importer(815301076,1909f56bfc062723c751e8b465ee728b)  -> (artifact id: '427a36bb31d9e2533676c22a0247ac44') in 0.033011 seconds 
  Import took 0.040069 seconds .

========================================================================
Received Import Request.
  Time since last request: 0.000247 seconds.
  path: Assets/Prefabs/HealthEffect.prefab
  artifactKey: Guid(bb44ecaedbf1b004e9049b68e915f65d) Importer(815301076,1909f56bfc062723c751e8b465ee728b)
Start importing Assets/Prefabs/HealthEffect.prefab using Guid(bb44ecaedbf1b004e9049b68e915f65d) Importer(815301076,1909f56bfc062723c751e8b465ee728b)  -> (artifact id: '3ab94423b79080ffb56396d321c02901') in 0.034018 seconds 
  Import took 0.042274 seconds .

AssetImportWorkerClient::OnTransportError - code=2 error=End of file
